f:\무인도\release\vc120.pdb
f:\무인도\release\winmain.obj
f:\무인도\release\soundmanager.obj
f:\무인도\release\situation_7.obj
f:\무인도\release\situation_6.obj
f:\무인도\release\situation_5.obj
f:\무인도\release\situation_4.obj
f:\무인도\release\situation_3.obj
f:\무인도\release\situation_2.obj
f:\무인도\release\situation_1.obj
f:\무인도\release\scenemanager.obj
f:\무인도\release\scene.obj
f:\무인도\release\main.obj
f:\무인도\release\intro.obj
f:\무인도\release\inputmanager.obj
f:\무인도\release\game.obj
f:\무인도\release\function.obj
f:\무인도\release\ending.obj
f:\무인도\release\common.obj
f:\무인도\release\collectscene.obj
f:\무인도\release\무인도.res
f:\무인도\release\무인도.tlog\cl.read.1.tlog
f:\무인도\release\무인도.tlog\cl.write.1.tlog
f:\무인도\release\무인도.tlog\cl.command.1.tlog
f:\무인도\release\무인도.tlog\rc.read.1.tlog
f:\무인도\release\무인도.tlog\rc.write.1.tlog
f:\무인도\release\무인도.tlog\rc.command.1.tlog
f:\무인도\release\무인도.tlog\link.read.1.tlog
f:\무인도\release\무인도.tlog\link.write.1.tlog
f:\무인도\release\무인도.tlog\link.command.1.tlog
